{
  "RSpec": {
    "coverage": {
      "/csce431/c-company-431/config/environment.rb": {
        "lines": [
          null,
          1,
          null,
          null,
          1
        ]
      },
      "/csce431/c-company-431/config/application.rb": {
        "lines": [
          1,
          null,
          1,
          null,
          null,
          null,
          1,
          null,
          1,
          1,
          null,
          1,
          null,
          null,
          null,
          null,
          null,
          null,
          null,
          null,
          null,
          null
        ]
      },
      "/csce431/c-company-431/config/boot.rb": {
        "lines": [
          1,
          null,
          1,
          1
        ]
      },
      "/csce431/c-company-431/config/environments/test.rb": {
        "lines": [
          1,
          null,
          null,
          null,
          null,
          null,
          null,
          1,
          null,
          null,
          null,
          1,
          null,
          null,
          null,
          null,
          1,
          null,
          null,
          1,
          1,
          null,
          null,
          null,
          null,
          1,
          1,
          1,
          null,
          null,
          1,
          null,
          null,
          1,
          null,
          null,
          1,
          null,
          1,
          null,
          null,
          null,
          null,
          1,
          null,
          null,
          1,
          null,
          null,
          1,
          null,
          null,
          1,
          null,
          null,
          null,
          null,
          null,
          null,
          null
        ]
      },
      "/csce431/c-company-431/config/initializers/assets.rb": {
        "lines": [
          null,
          null,
          null,
          1,
          null,
          null,
          null,
          null,
          null,
          null,
          null,
          null
        ]
      },
      "/csce431/c-company-431/config/initializers/content_security_policy.rb": {
        "lines": [
          null,
          null,
          null,
          null,
          null,
          null,
          null,
          null,
          null,
          null,
          null,
          null,
          null,
          null,
          null,
          null,
          null,
          null,
          null,
          null,
          null,
          null,
          null,
          null,
          null
        ]
      },
      "/csce431/c-company-431/config/initializers/filter_parameter_logging.rb": {
        "lines": [
          null,
          null,
          null,
          null,
          null,
          1,
          null,
          null
        ]
      },
      "/csce431/c-company-431/config/initializers/inflections.rb": {
        "lines": [
          null,
          null,
          null,
          null,
          null,
          null,
          null,
          null,
          null,
          null,
          null,
          null,
          null,
          null,
          null,
          null
        ]
      },
      "/csce431/c-company-431/config/initializers/omniauth.rb": {
        "lines": [
          1,
          1,
          1,
          null
        ]
      },
      "/csce431/c-company-431/config/initializers/permissions_policy.rb": {
        "lines": [
          null,
          null,
          null,
          null,
          null,
          null,
          null,
          null,
          null,
          null,
          null
        ]
      },
      "/csce431/c-company-431/config/routes.rb": {
        "lines": [
          1,
          1,
          1,
          1,
          null,
          null,
          1,
          1,
          1,
          1,
          1,
          1,
          null,
          1,
          null,
          null,
          1,
          null,
          null
        ]
      },
      "/csce431/c-company-431/app/helpers/activities_helper.rb": {
        "lines": [
          1,
          null
        ]
      },
      "/csce431/c-company-431/app/helpers/activity_types_helper.rb": {
        "lines": [
          1,
          null
        ]
      },
      "/csce431/c-company-431/app/helpers/application_helper.rb": {
        "lines": [
          1,
          null
        ]
      },
      "/csce431/c-company-431/app/helpers/events_helper.rb": {
        "lines": [
          1,
          null
        ]
      },
      "/csce431/c-company-431/app/helpers/member_activities_helper.rb": {
        "lines": [
          1,
          null
        ]
      },
      "/csce431/c-company-431/app/helpers/member_events_helper.rb": {
        "lines": [
          1,
          null
        ]
      },
      "/csce431/c-company-431/app/helpers/platoons_helper.rb": {
        "lines": [
          1,
          null
        ]
      },
      "/csce431/c-company-431/app/helpers/users_helper.rb": {
        "lines": [
          1,
          null
        ]
      },
      "/csce431/c-company-431/app/models/activity.rb": {
        "lines": [
          null,
          1,
          1,
          1,
          1,
          null,
          1,
          null,
          1,
          null
        ]
      },
      "/csce431/c-company-431/app/models/application_record.rb": {
        "lines": [
          1,
          1,
          null
        ]
      },
      "/csce431/c-company-431/spec/unit/activity_type_spec.rb": {
        "lines": [
          null,
          1,
          null,
          1,
          1,
          4,
          null,
          null,
          null,
          null,
          null,
          1,
          1,
          null,
          null,
          1,
          1,
          1,
          null,
          null,
          1,
          1,
          1,
          null,
          null,
          1,
          1,
          1,
          null,
          null,
          null,
          null
        ]
      },
      "/csce431/c-company-431/app/models/activity_type.rb": {
        "lines": [
          null,
          1,
          1,
          1,
          null
        ]
      },
      "/csce431/c-company-431/spec/unit/event_spec.rb": {
        "lines": [
          null,
          1,
          null,
          1,
          null,
          null,
          null,
          null,
          null,
          null,
          null,
          null,
          null,
          null,
          null,
          null,
          null,
          null,
          null,
          null,
          null,
          null,
          null,
          null,
          null,
          null,
          null,
          null,
          null,
          null,
          null,
          null,
          null,
          null,
          null,
          null,
          null,
          null,
          null,
          null,
          null,
          null,
          null,
          null,
          null,
          null,
          null,
          null,
          null,
          null,
          null,
          null,
          null,
          null,
          null,
          null,
          null,
          null,
          null,
          null,
          null,
          null,
          null,
          null,
          null
        ]
      },
      "/csce431/c-company-431/app/models/event.rb": {
        "lines": [
          null,
          1,
          1,
          1,
          1,
          null,
          1,
          1,
          1,
          1,
          1,
          null
        ]
      },
      "/csce431/c-company-431/spec/unit/member_activity_spec.rb": {
        "lines": [
          null,
          1,
          null,
          1,
          1,
          4,
          null,
          null,
          null,
          null,
          null,
          null,
          null,
          null,
          1,
          4,
          null,
          null,
          null,
          null,
          null,
          null,
          null,
          null,
          null,
          5,
          5,
          null,
          1,
          1,
          null,
          null,
          1,
          1,
          1,
          null,
          null,
          1,
          1,
          1,
          null,
          null,
          1,
          1,
          1,
          null,
          null,
          1,
          1,
          1,
          null,
          null,
          1,
          1,
          1,
          null,
          null,
          null,
          null
        ]
      },
      "/csce431/c-company-431/app/models/member_activity.rb": {
        "lines": [
          null,
          1,
          1,
          1,
          null,
          1,
          1,
          1,
          1,
          1,
          null,
          null,
          null,
          null,
          null
        ]
      },
      "/csce431/c-company-431/spec/unit/member_event_spec.rb": {
        "lines": [
          null,
          1,
          null,
          1,
          null,
          null,
          null,
          null,
          null,
          null,
          null,
          null,
          null,
          null,
          null,
          null,
          null,
          null,
          null,
          null,
          null,
          null,
          null,
          null,
          null,
          null,
          null,
          null,
          null,
          null,
          null,
          null,
          null,
          null,
          null,
          null,
          null,
          null,
          null,
          null,
          null,
          null,
          null,
          null,
          null,
          null,
          null,
          null,
          null,
          null,
          null,
          null,
          null,
          null,
          null,
          null,
          null,
          null,
          null,
          null,
          null,
          null,
          null,
          null,
          null,
          null,
          null,
          null,
          null,
          null
        ]
      },
      "/csce431/c-company-431/app/models/member_event.rb": {
        "lines": [
          null,
          1,
          1,
          1,
          null,
          1,
          1,
          1,
          1,
          1,
          null
        ]
      },
      "/csce431/c-company-431/spec/unit/platoon_spec.rb": {
        "lines": [
          null,
          1,
          null,
          1,
          1,
          3,
          null,
          null,
          null,
          null,
          null,
          1,
          3,
          null,
          null,
          null,
          null,
          null,
          null,
          null,
          null,
          null,
          null,
          1,
          1,
          null,
          null,
          1,
          1,
          1,
          null,
          null,
          1,
          1,
          1,
          null,
          null,
          1,
          1,
          1,
          null,
          null,
          1,
          1,
          1,
          1,
          1,
          null,
          null,
          null,
          null
        ]
      },
      "/csce431/c-company-431/app/models/platoon.rb": {
        "lines": [
          null,
          1,
          1,
          1,
          null,
          1,
          1,
          null
        ]
      },
      "/csce431/c-company-431/spec/unit/sessions_controller_spec.rb": {
        "lines": [
          1,
          null,
          1,
          1,
          3,
          null,
          null,
          null,
          null,
          null,
          null,
          null,
          null,
          null,
          null,
          1,
          1,
          1,
          3,
          3,
          null,
          null,
          1,
          1,
          null,
          null,
          1,
          1,
          1,
          null,
          null,
          1,
          1,
          1,
          null,
          1,
          null,
          null,
          null,
          null
        ]
      },
      "/csce431/c-company-431/app/controllers/sessions_controller.rb": {
        "lines": [
          1,
          1,
          null,
          1,
          4,
          4,
          4,
          3,
          null,
          null,
          null,
          null,
          null,
          null,
          4,
          4,
          null,
          null
        ]
      },
      "/csce431/c-company-431/app/controllers/application_controller.rb": {
        "lines": [
          1,
          1,
          null,
          1,
          null,
          1,
          null,
          0,
          null,
          null
        ]
      },
      "/csce431/c-company-431/spec/unit/user_spec.rb": {
        "lines": [
          null,
          1,
          null,
          1,
          1,
          5,
          null,
          null,
          null,
          null,
          null,
          null,
          null,
          null,
          null,
          null,
          null,
          6,
          null,
          1,
          1,
          null,
          null,
          1,
          1,
          1,
          null,
          null,
          1,
          1,
          1,
          null,
          null,
          1,
          1,
          1,
          null,
          null,
          1,
          1,
          1,
          null,
          null,
          1,
          1,
          1,
          1,
          null,
          null,
          1,
          1,
          1,
          null,
          null,
          1,
          1,
          1,
          1,
          null,
          null,
          1,
          1,
          1,
          null,
          null,
          1,
          1,
          1,
          1,
          null,
          null,
          null,
          null
        ]
      },
      "/csce431/c-company-431/app/models/user.rb": {
        "lines": [
          null,
          1,
          1,
          1,
          1,
          1,
          1,
          null,
          1,
          1,
          1,
          1,
          null,
          null,
          1,
          1,
          1,
          null
        ]
      }
    },
    "timestamp": 1708141290
  }
}
